[2018-05-18T16:02:44.575] [ERROR] default - { Error: ER_NO_SUCH_TABLE: Table 'school.classroot' doesn't exist
    at Query.Sequence._packetToError (D:\workspace\koa\koa-backend\node_modules\mysql\lib\protocol\sequences\Sequence.js:52:14)
    at Query.ErrorPacket (D:\workspace\koa\koa-backend\node_modules\mysql\lib\protocol\sequences\Query.js:77:18)
    at Protocol._parsePacket (D:\workspace\koa\koa-backend\node_modules\mysql\lib\protocol\Protocol.js:279:23)
    at Parser.write (D:\workspace\koa\koa-backend\node_modules\mysql\lib\protocol\Parser.js:76:12)
    at Protocol.write (D:\workspace\koa\koa-backend\node_modules\mysql\lib\protocol\Protocol.js:39:16)
    at Socket.<anonymous> (D:\workspace\koa\koa-backend\node_modules\mysql\lib\Connection.js:103:28)
    at emitOne (events.js:116:13)
    at Socket.emit (events.js:211:7)
    at addChunk (_stream_readable.js:263:12)
    at readableAddChunk (_stream_readable.js:250:11)
    at Socket.Readable.push (_stream_readable.js:208:10)
    at TCP.onread (net.js:594:20)
    --------------------
    at Protocol._enqueue (D:\workspace\koa\koa-backend\node_modules\mysql\lib\protocol\Protocol.js:145:48)
    at PoolConnection.query (D:\workspace\koa\koa-backend\node_modules\mysql\lib\Connection.js:208:25)
    at D:\workspace\koa\koa-backend\mysql-connect.js:15:20
    at Handshake.onConnect [as _callback] (D:\workspace\koa\koa-backend\node_modules\mysql\lib\Pool.js:64:7)
    at Handshake.Sequence.end (D:\workspace\koa\koa-backend\node_modules\mysql\lib\protocol\sequences\Sequence.js:88:24)
    at Handshake.Sequence.OkPacket (D:\workspace\koa\koa-backend\node_modules\mysql\lib\protocol\sequences\Sequence.js:97:8)
    at Protocol._parsePacket (D:\workspace\koa\koa-backend\node_modules\mysql\lib\protocol\Protocol.js:279:23)
    at Parser.write (D:\workspace\koa\koa-backend\node_modules\mysql\lib\protocol\Parser.js:76:12)
    at Protocol.write (D:\workspace\koa\koa-backend\node_modules\mysql\lib\protocol\Protocol.js:39:16)
    at Socket.<anonymous> (D:\workspace\koa\koa-backend\node_modules\mysql\lib\Connection.js:103:28)
    at emitOne (events.js:116:13)
    at Socket.emit (events.js:211:7)
    at addChunk (_stream_readable.js:263:12)
    at readableAddChunk (_stream_readable.js:250:11)
    at Socket.Readable.push (_stream_readable.js:208:10)
    at TCP.onread (net.js:594:20)
  code: 'ER_NO_SUCH_TABLE',
  errno: 1146,
  sqlMessage: 'Table \'school.classroot\' doesn\'t exist',
  sqlState: '42S02',
  index: 0,
  sql: 'select s_name from classroot' }
[2018-05-18T16:04:59.588] [INFO] default - [ RowDataPacket { s_name: 'tom' } ]
[2018-05-18T16:07:14.410] [INFO] default - undefined
[2018-05-18T16:13:25.949] [ERROR] default - { Error: ER_PARSE_ERROR: You have an error in your SQL syntax; check the manual that corresponds to your MySQL server version for the right syntax to use near '?' at line 1
    at Query.Sequence._packetToError (D:\workspace\koa\koa-backend\node_modules\mysql\lib\protocol\sequences\Sequence.js:52:14)
    at Query.ErrorPacket (D:\workspace\koa\koa-backend\node_modules\mysql\lib\protocol\sequences\Query.js:77:18)
    at Protocol._parsePacket (D:\workspace\koa\koa-backend\node_modules\mysql\lib\protocol\Protocol.js:279:23)
    at Parser.write (D:\workspace\koa\koa-backend\node_modules\mysql\lib\protocol\Parser.js:76:12)
    at Protocol.write (D:\workspace\koa\koa-backend\node_modules\mysql\lib\protocol\Protocol.js:39:16)
    at Socket.<anonymous> (D:\workspace\koa\koa-backend\node_modules\mysql\lib\Connection.js:103:28)
    at emitOne (events.js:116:13)
    at Socket.emit (events.js:211:7)
    at addChunk (_stream_readable.js:263:12)
    at readableAddChunk (_stream_readable.js:250:11)
    at Socket.Readable.push (_stream_readable.js:208:10)
    at TCP.onread (net.js:594:20)
    --------------------
    at Protocol._enqueue (D:\workspace\koa\koa-backend\node_modules\mysql\lib\protocol\Protocol.js:145:48)
    at PoolConnection.query (D:\workspace\koa\koa-backend\node_modules\mysql\lib\Connection.js:208:25)
    at D:\workspace\koa\koa-backend\mysql-connect.js:16:24
    at Handshake.onConnect [as _callback] (D:\workspace\koa\koa-backend\node_modules\mysql\lib\Pool.js:64:7)
    at Handshake.Sequence.end (D:\workspace\koa\koa-backend\node_modules\mysql\lib\protocol\sequences\Sequence.js:88:24)
    at Handshake.Sequence.OkPacket (D:\workspace\koa\koa-backend\node_modules\mysql\lib\protocol\sequences\Sequence.js:97:8)
    at Protocol._parsePacket (D:\workspace\koa\koa-backend\node_modules\mysql\lib\protocol\Protocol.js:279:23)
    at Parser.write (D:\workspace\koa\koa-backend\node_modules\mysql\lib\protocol\Parser.js:76:12)
    at Protocol.write (D:\workspace\koa\koa-backend\node_modules\mysql\lib\protocol\Protocol.js:39:16)
    at Socket.<anonymous> (D:\workspace\koa\koa-backend\node_modules\mysql\lib\Connection.js:103:28)
    at emitOne (events.js:116:13)
    at Socket.emit (events.js:211:7)
    at addChunk (_stream_readable.js:263:12)
    at readableAddChunk (_stream_readable.js:250:11)
    at Socket.Readable.push (_stream_readable.js:208:10)
    at TCP.onread (net.js:594:20)
  code: 'ER_PARSE_ERROR',
  errno: 1064,
  sqlMessage: 'You have an error in your SQL syntax; check the manual that corresponds to your MySQL server version for the right syntax to use near \'?\' at line 1',
  sqlState: '42000',
  index: 0,
  sql: 'select s_name from classroom where s_id = ?' }
[2018-05-18T16:13:25.956] [ERROR] default - TypeError: Cannot read property 's_name' of undefined
    at sql.then.data (D:\workspace\koa\koa-backend\controllers\v1.0\wxController.js:29:23)
    at <anonymous>
    at process._tickCallback (internal/process/next_tick.js:188:7)
[2018-05-18T16:13:38.475] [ERROR] default - { Error: ER_PARSE_ERROR: You have an error in your SQL syntax; check the manual that corresponds to your MySQL server version for the right syntax to use near '?' at line 1
    at Query.Sequence._packetToError (D:\workspace\koa\koa-backend\node_modules\mysql\lib\protocol\sequences\Sequence.js:52:14)
    at Query.ErrorPacket (D:\workspace\koa\koa-backend\node_modules\mysql\lib\protocol\sequences\Query.js:77:18)
    at Protocol._parsePacket (D:\workspace\koa\koa-backend\node_modules\mysql\lib\protocol\Protocol.js:279:23)
    at Parser.write (D:\workspace\koa\koa-backend\node_modules\mysql\lib\protocol\Parser.js:76:12)
    at Protocol.write (D:\workspace\koa\koa-backend\node_modules\mysql\lib\protocol\Protocol.js:39:16)
    at Socket.<anonymous> (D:\workspace\koa\koa-backend\node_modules\mysql\lib\Connection.js:103:28)
    at emitOne (events.js:116:13)
    at Socket.emit (events.js:211:7)
    at addChunk (_stream_readable.js:263:12)
    at readableAddChunk (_stream_readable.js:250:11)
    at Socket.Readable.push (_stream_readable.js:208:10)
    at TCP.onread (net.js:594:20)
    --------------------
    at Protocol._enqueue (D:\workspace\koa\koa-backend\node_modules\mysql\lib\protocol\Protocol.js:145:48)
    at PoolConnection.query (D:\workspace\koa\koa-backend\node_modules\mysql\lib\Connection.js:208:25)
    at D:\workspace\koa\koa-backend\mysql-connect.js:16:24
    at Handshake.onConnect [as _callback] (D:\workspace\koa\koa-backend\node_modules\mysql\lib\Pool.js:64:7)
    at Handshake.Sequence.end (D:\workspace\koa\koa-backend\node_modules\mysql\lib\protocol\sequences\Sequence.js:88:24)
    at Handshake.Sequence.OkPacket (D:\workspace\koa\koa-backend\node_modules\mysql\lib\protocol\sequences\Sequence.js:97:8)
    at Protocol._parsePacket (D:\workspace\koa\koa-backend\node_modules\mysql\lib\protocol\Protocol.js:279:23)
    at Parser.write (D:\workspace\koa\koa-backend\node_modules\mysql\lib\protocol\Parser.js:76:12)
    at Protocol.write (D:\workspace\koa\koa-backend\node_modules\mysql\lib\protocol\Protocol.js:39:16)
    at Socket.<anonymous> (D:\workspace\koa\koa-backend\node_modules\mysql\lib\Connection.js:103:28)
    at emitOne (events.js:116:13)
    at Socket.emit (events.js:211:7)
    at addChunk (_stream_readable.js:263:12)
    at readableAddChunk (_stream_readable.js:250:11)
    at Socket.Readable.push (_stream_readable.js:208:10)
    at TCP.onread (net.js:594:20)
  code: 'ER_PARSE_ERROR',
  errno: 1064,
  sqlMessage: 'You have an error in your SQL syntax; check the manual that corresponds to your MySQL server version for the right syntax to use near \'?\' at line 1',
  sqlState: '42000',
  index: 0,
  sql: 'select s_name from classroom where s_id = ?' }
[2018-05-18T16:13:39.509] [ERROR] default - { Error: ER_PARSE_ERROR: You have an error in your SQL syntax; check the manual that corresponds to your MySQL server version for the right syntax to use near '?' at line 1
    at Query.Sequence._packetToError (D:\workspace\koa\koa-backend\node_modules\mysql\lib\protocol\sequences\Sequence.js:52:14)
    at Query.ErrorPacket (D:\workspace\koa\koa-backend\node_modules\mysql\lib\protocol\sequences\Query.js:77:18)
    at Protocol._parsePacket (D:\workspace\koa\koa-backend\node_modules\mysql\lib\protocol\Protocol.js:279:23)
    at Parser.write (D:\workspace\koa\koa-backend\node_modules\mysql\lib\protocol\Parser.js:76:12)
    at Protocol.write (D:\workspace\koa\koa-backend\node_modules\mysql\lib\protocol\Protocol.js:39:16)
    at Socket.<anonymous> (D:\workspace\koa\koa-backend\node_modules\mysql\lib\Connection.js:103:28)
    at emitOne (events.js:116:13)
    at Socket.emit (events.js:211:7)
    at addChunk (_stream_readable.js:263:12)
    at readableAddChunk (_stream_readable.js:250:11)
    at Socket.Readable.push (_stream_readable.js:208:10)
    at TCP.onread (net.js:594:20)
    --------------------
    at Protocol._enqueue (D:\workspace\koa\koa-backend\node_modules\mysql\lib\protocol\Protocol.js:145:48)
    at PoolConnection.query (D:\workspace\koa\koa-backend\node_modules\mysql\lib\Connection.js:208:25)
    at D:\workspace\koa\koa-backend\mysql-connect.js:16:24
    at Ping.onOperationComplete [as _callback] (D:\workspace\koa\koa-backend\node_modules\mysql\lib\Pool.js:110:5)
    at Ping.Sequence.end (D:\workspace\koa\koa-backend\node_modules\mysql\lib\protocol\sequences\Sequence.js:88:24)
    at Ping.Sequence.OkPacket (D:\workspace\koa\koa-backend\node_modules\mysql\lib\protocol\sequences\Sequence.js:97:8)
    at Protocol._parsePacket (D:\workspace\koa\koa-backend\node_modules\mysql\lib\protocol\Protocol.js:279:23)
    at Parser.write (D:\workspace\koa\koa-backend\node_modules\mysql\lib\protocol\Parser.js:76:12)
    at Protocol.write (D:\workspace\koa\koa-backend\node_modules\mysql\lib\protocol\Protocol.js:39:16)
    at Socket.<anonymous> (D:\workspace\koa\koa-backend\node_modules\mysql\lib\Connection.js:103:28)
    at emitOne (events.js:116:13)
    at Socket.emit (events.js:211:7)
    at addChunk (_stream_readable.js:263:12)
    at readableAddChunk (_stream_readable.js:250:11)
    at Socket.Readable.push (_stream_readable.js:208:10)
    at TCP.onread (net.js:594:20)
  code: 'ER_PARSE_ERROR',
  errno: 1064,
  sqlMessage: 'You have an error in your SQL syntax; check the manual that corresponds to your MySQL server version for the right syntax to use near \'?\' at line 1',
  sqlState: '42000',
  index: 0,
  sql: 'select s_name from classroom where s_id = ?' }
[2018-05-18T16:13:40.682] [ERROR] default - { Error: ER_PARSE_ERROR: You have an error in your SQL syntax; check the manual that corresponds to your MySQL server version for the right syntax to use near '?' at line 1
    at Query.Sequence._packetToError (D:\workspace\koa\koa-backend\node_modules\mysql\lib\protocol\sequences\Sequence.js:52:14)
    at Query.ErrorPacket (D:\workspace\koa\koa-backend\node_modules\mysql\lib\protocol\sequences\Query.js:77:18)
    at Protocol._parsePacket (D:\workspace\koa\koa-backend\node_modules\mysql\lib\protocol\Protocol.js:279:23)
    at Parser.write (D:\workspace\koa\koa-backend\node_modules\mysql\lib\protocol\Parser.js:76:12)
    at Protocol.write (D:\workspace\koa\koa-backend\node_modules\mysql\lib\protocol\Protocol.js:39:16)
    at Socket.<anonymous> (D:\workspace\koa\koa-backend\node_modules\mysql\lib\Connection.js:103:28)
    at emitOne (events.js:116:13)
    at Socket.emit (events.js:211:7)
    at addChunk (_stream_readable.js:263:12)
    at readableAddChunk (_stream_readable.js:250:11)
    at Socket.Readable.push (_stream_readable.js:208:10)
    at TCP.onread (net.js:594:20)
    --------------------
    at Protocol._enqueue (D:\workspace\koa\koa-backend\node_modules\mysql\lib\protocol\Protocol.js:145:48)
    at PoolConnection.query (D:\workspace\koa\koa-backend\node_modules\mysql\lib\Connection.js:208:25)
    at D:\workspace\koa\koa-backend\mysql-connect.js:16:24
    at Ping.onOperationComplete [as _callback] (D:\workspace\koa\koa-backend\node_modules\mysql\lib\Pool.js:110:5)
    at Ping.Sequence.end (D:\workspace\koa\koa-backend\node_modules\mysql\lib\protocol\sequences\Sequence.js:88:24)
    at Ping.Sequence.OkPacket (D:\workspace\koa\koa-backend\node_modules\mysql\lib\protocol\sequences\Sequence.js:97:8)
    at Protocol._parsePacket (D:\workspace\koa\koa-backend\node_modules\mysql\lib\protocol\Protocol.js:279:23)
    at Parser.write (D:\workspace\koa\koa-backend\node_modules\mysql\lib\protocol\Parser.js:76:12)
    at Protocol.write (D:\workspace\koa\koa-backend\node_modules\mysql\lib\protocol\Protocol.js:39:16)
    at Socket.<anonymous> (D:\workspace\koa\koa-backend\node_modules\mysql\lib\Connection.js:103:28)
    at emitOne (events.js:116:13)
    at Socket.emit (events.js:211:7)
    at addChunk (_stream_readable.js:263:12)
    at readableAddChunk (_stream_readable.js:250:11)
    at Socket.Readable.push (_stream_readable.js:208:10)
    at TCP.onread (net.js:594:20)
  code: 'ER_PARSE_ERROR',
  errno: 1064,
  sqlMessage: 'You have an error in your SQL syntax; check the manual that corresponds to your MySQL server version for the right syntax to use near \'?\' at line 1',
  sqlState: '42000',
  index: 0,
  sql: 'select s_name from classroom where s_id = ?' }
[2018-05-18T16:14:01.407] [ERROR] default - { Error: ER_PARSE_ERROR: You have an error in your SQL syntax; check the manual that corresponds to your MySQL server version for the right syntax to use near '?' at line 1
    at Query.Sequence._packetToError (D:\workspace\koa\koa-backend\node_modules\mysql\lib\protocol\sequences\Sequence.js:52:14)
    at Query.ErrorPacket (D:\workspace\koa\koa-backend\node_modules\mysql\lib\protocol\sequences\Query.js:77:18)
    at Protocol._parsePacket (D:\workspace\koa\koa-backend\node_modules\mysql\lib\protocol\Protocol.js:279:23)
    at Parser.write (D:\workspace\koa\koa-backend\node_modules\mysql\lib\protocol\Parser.js:76:12)
    at Protocol.write (D:\workspace\koa\koa-backend\node_modules\mysql\lib\protocol\Protocol.js:39:16)
    at Socket.<anonymous> (D:\workspace\koa\koa-backend\node_modules\mysql\lib\Connection.js:103:28)
    at emitOne (events.js:116:13)
    at Socket.emit (events.js:211:7)
    at addChunk (_stream_readable.js:263:12)
    at readableAddChunk (_stream_readable.js:250:11)
    at Socket.Readable.push (_stream_readable.js:208:10)
    at TCP.onread (net.js:594:20)
    --------------------
    at Protocol._enqueue (D:\workspace\koa\koa-backend\node_modules\mysql\lib\protocol\Protocol.js:145:48)
    at PoolConnection.query (D:\workspace\koa\koa-backend\node_modules\mysql\lib\Connection.js:208:25)
    at D:\workspace\koa\koa-backend\mysql-connect.js:16:24
    at Handshake.onConnect [as _callback] (D:\workspace\koa\koa-backend\node_modules\mysql\lib\Pool.js:64:7)
    at Handshake.Sequence.end (D:\workspace\koa\koa-backend\node_modules\mysql\lib\protocol\sequences\Sequence.js:88:24)
    at Handshake.Sequence.OkPacket (D:\workspace\koa\koa-backend\node_modules\mysql\lib\protocol\sequences\Sequence.js:97:8)
    at Protocol._parsePacket (D:\workspace\koa\koa-backend\node_modules\mysql\lib\protocol\Protocol.js:279:23)
    at Parser.write (D:\workspace\koa\koa-backend\node_modules\mysql\lib\protocol\Parser.js:76:12)
    at Protocol.write (D:\workspace\koa\koa-backend\node_modules\mysql\lib\protocol\Protocol.js:39:16)
    at Socket.<anonymous> (D:\workspace\koa\koa-backend\node_modules\mysql\lib\Connection.js:103:28)
    at emitOne (events.js:116:13)
    at Socket.emit (events.js:211:7)
    at addChunk (_stream_readable.js:263:12)
    at readableAddChunk (_stream_readable.js:250:11)
    at Socket.Readable.push (_stream_readable.js:208:10)
    at TCP.onread (net.js:594:20)
  code: 'ER_PARSE_ERROR',
  errno: 1064,
  sqlMessage: 'You have an error in your SQL syntax; check the manual that corresponds to your MySQL server version for the right syntax to use near \'?\' at line 1',
  sqlState: '42000',
  index: 0,
  sql: 'select s_name from classroom where s_id = ?' }
[2018-05-18T16:21:31.977] [ERROR] default - { Error: ER_BAD_FIELD_ERROR: Unknown column 'id' in 'where clause'
    at Query.Sequence._packetToError (D:\workspace\koa\koa-backend\node_modules\mysql\lib\protocol\sequences\Sequence.js:52:14)
    at Query.ErrorPacket (D:\workspace\koa\koa-backend\node_modules\mysql\lib\protocol\sequences\Query.js:77:18)
    at Protocol._parsePacket (D:\workspace\koa\koa-backend\node_modules\mysql\lib\protocol\Protocol.js:279:23)
    at Parser.write (D:\workspace\koa\koa-backend\node_modules\mysql\lib\protocol\Parser.js:76:12)
    at Protocol.write (D:\workspace\koa\koa-backend\node_modules\mysql\lib\protocol\Protocol.js:39:16)
    at Socket.<anonymous> (D:\workspace\koa\koa-backend\node_modules\mysql\lib\Connection.js:103:28)
    at emitOne (events.js:116:13)
    at Socket.emit (events.js:211:7)
    at addChunk (_stream_readable.js:263:12)
    at readableAddChunk (_stream_readable.js:250:11)
    at Socket.Readable.push (_stream_readable.js:208:10)
    at TCP.onread (net.js:594:20)
    --------------------
    at Protocol._enqueue (D:\workspace\koa\koa-backend\node_modules\mysql\lib\protocol\Protocol.js:145:48)
    at PoolConnection.query (D:\workspace\koa\koa-backend\node_modules\mysql\lib\Connection.js:208:25)
    at D:\workspace\koa\koa-backend\mysql-connect.js:16:24
    at Handshake.onConnect [as _callback] (D:\workspace\koa\koa-backend\node_modules\mysql\lib\Pool.js:64:7)
    at Handshake.Sequence.end (D:\workspace\koa\koa-backend\node_modules\mysql\lib\protocol\sequences\Sequence.js:88:24)
    at Handshake.Sequence.OkPacket (D:\workspace\koa\koa-backend\node_modules\mysql\lib\protocol\sequences\Sequence.js:97:8)
    at Protocol._parsePacket (D:\workspace\koa\koa-backend\node_modules\mysql\lib\protocol\Protocol.js:279:23)
    at Parser.write (D:\workspace\koa\koa-backend\node_modules\mysql\lib\protocol\Parser.js:76:12)
    at Protocol.write (D:\workspace\koa\koa-backend\node_modules\mysql\lib\protocol\Protocol.js:39:16)
    at Socket.<anonymous> (D:\workspace\koa\koa-backend\node_modules\mysql\lib\Connection.js:103:28)
    at emitOne (events.js:116:13)
    at Socket.emit (events.js:211:7)
    at addChunk (_stream_readable.js:263:12)
    at readableAddChunk (_stream_readable.js:250:11)
    at Socket.Readable.push (_stream_readable.js:208:10)
    at TCP.onread (net.js:594:20)
  code: 'ER_BAD_FIELD_ERROR',
  errno: 1054,
  sqlMessage: 'Unknown column \'id\' in \'where clause\'',
  sqlState: '42S22',
  index: 0,
  sql: 'select s_name from classroom where s_id = `id` = \'w\'' }
[2018-05-18T16:21:33.014] [ERROR] default - { Error: ER_BAD_FIELD_ERROR: Unknown column 'id' in 'where clause'
    at Query.Sequence._packetToError (D:\workspace\koa\koa-backend\node_modules\mysql\lib\protocol\sequences\Sequence.js:52:14)
    at Query.ErrorPacket (D:\workspace\koa\koa-backend\node_modules\mysql\lib\protocol\sequences\Query.js:77:18)
    at Protocol._parsePacket (D:\workspace\koa\koa-backend\node_modules\mysql\lib\protocol\Protocol.js:279:23)
    at Parser.write (D:\workspace\koa\koa-backend\node_modules\mysql\lib\protocol\Parser.js:76:12)
    at Protocol.write (D:\workspace\koa\koa-backend\node_modules\mysql\lib\protocol\Protocol.js:39:16)
    at Socket.<anonymous> (D:\workspace\koa\koa-backend\node_modules\mysql\lib\Connection.js:103:28)
    at emitOne (events.js:116:13)
    at Socket.emit (events.js:211:7)
    at addChunk (_stream_readable.js:263:12)
    at readableAddChunk (_stream_readable.js:250:11)
    at Socket.Readable.push (_stream_readable.js:208:10)
    at TCP.onread (net.js:594:20)
    --------------------
    at Protocol._enqueue (D:\workspace\koa\koa-backend\node_modules\mysql\lib\protocol\Protocol.js:145:48)
    at PoolConnection.query (D:\workspace\koa\koa-backend\node_modules\mysql\lib\Connection.js:208:25)
    at D:\workspace\koa\koa-backend\mysql-connect.js:16:24
    at Ping.onOperationComplete [as _callback] (D:\workspace\koa\koa-backend\node_modules\mysql\lib\Pool.js:110:5)
    at Ping.Sequence.end (D:\workspace\koa\koa-backend\node_modules\mysql\lib\protocol\sequences\Sequence.js:88:24)
    at Ping.Sequence.OkPacket (D:\workspace\koa\koa-backend\node_modules\mysql\lib\protocol\sequences\Sequence.js:97:8)
    at Protocol._parsePacket (D:\workspace\koa\koa-backend\node_modules\mysql\lib\protocol\Protocol.js:279:23)
    at Parser.write (D:\workspace\koa\koa-backend\node_modules\mysql\lib\protocol\Parser.js:76:12)
    at Protocol.write (D:\workspace\koa\koa-backend\node_modules\mysql\lib\protocol\Protocol.js:39:16)
    at Socket.<anonymous> (D:\workspace\koa\koa-backend\node_modules\mysql\lib\Connection.js:103:28)
    at emitOne (events.js:116:13)
    at Socket.emit (events.js:211:7)
    at addChunk (_stream_readable.js:263:12)
    at readableAddChunk (_stream_readable.js:250:11)
    at Socket.Readable.push (_stream_readable.js:208:10)
    at TCP.onread (net.js:594:20)
  code: 'ER_BAD_FIELD_ERROR',
  errno: 1054,
  sqlMessage: 'Unknown column \'id\' in \'where clause\'',
  sqlState: '42S22',
  index: 0,
  sql: 'select s_name from classroom where s_id = `id` = \'w\'' }
[2018-05-18T16:23:29.520] [ERROR] default - { Error: ER_PARSE_ERROR: You have an error in your SQL syntax; check the manual that corresponds to your MySQL server version for the right syntax to use near '' at line 1
    at Query.Sequence._packetToError (D:\workspace\koa\koa-backend\node_modules\mysql\lib\protocol\sequences\Sequence.js:52:14)
    at Query.ErrorPacket (D:\workspace\koa\koa-backend\node_modules\mysql\lib\protocol\sequences\Query.js:77:18)
    at Protocol._parsePacket (D:\workspace\koa\koa-backend\node_modules\mysql\lib\protocol\Protocol.js:279:23)
    at Parser.write (D:\workspace\koa\koa-backend\node_modules\mysql\lib\protocol\Parser.js:76:12)
    at Protocol.write (D:\workspace\koa\koa-backend\node_modules\mysql\lib\protocol\Protocol.js:39:16)
    at Socket.<anonymous> (D:\workspace\koa\koa-backend\node_modules\mysql\lib\Connection.js:103:28)
    at emitOne (events.js:116:13)
    at Socket.emit (events.js:211:7)
    at addChunk (_stream_readable.js:263:12)
    at readableAddChunk (_stream_readable.js:250:11)
    at Socket.Readable.push (_stream_readable.js:208:10)
    at TCP.onread (net.js:594:20)
    --------------------
    at Protocol._enqueue (D:\workspace\koa\koa-backend\node_modules\mysql\lib\protocol\Protocol.js:145:48)
    at PoolConnection.query (D:\workspace\koa\koa-backend\node_modules\mysql\lib\Connection.js:208:25)
    at D:\workspace\koa\koa-backend\mysql-connect.js:16:24
    at Handshake.onConnect [as _callback] (D:\workspace\koa\koa-backend\node_modules\mysql\lib\Pool.js:64:7)
    at Handshake.Sequence.end (D:\workspace\koa\koa-backend\node_modules\mysql\lib\protocol\sequences\Sequence.js:88:24)
    at Handshake.Sequence.OkPacket (D:\workspace\koa\koa-backend\node_modules\mysql\lib\protocol\sequences\Sequence.js:97:8)
    at Protocol._parsePacket (D:\workspace\koa\koa-backend\node_modules\mysql\lib\protocol\Protocol.js:279:23)
    at Parser.write (D:\workspace\koa\koa-backend\node_modules\mysql\lib\protocol\Parser.js:76:12)
    at Protocol.write (D:\workspace\koa\koa-backend\node_modules\mysql\lib\protocol\Protocol.js:39:16)
    at Socket.<anonymous> (D:\workspace\koa\koa-backend\node_modules\mysql\lib\Connection.js:103:28)
    at emitOne (events.js:116:13)
    at Socket.emit (events.js:211:7)
    at addChunk (_stream_readable.js:263:12)
    at readableAddChunk (_stream_readable.js:250:11)
    at Socket.Readable.push (_stream_readable.js:208:10)
    at TCP.onread (net.js:594:20)
  code: 'ER_PARSE_ERROR',
  errno: 1064,
  sqlMessage: 'You have an error in your SQL syntax; check the manual that corresponds to your MySQL server version for the right syntax to use near \'\' at line 1',
  sqlState: '42000',
  index: 0,
  sql: 'select s_name from classroom where s_id = ' }
[2018-05-18T16:23:30.964] [ERROR] default - { Error: ER_PARSE_ERROR: You have an error in your SQL syntax; check the manual that corresponds to your MySQL server version for the right syntax to use near '' at line 1
    at Query.Sequence._packetToError (D:\workspace\koa\koa-backend\node_modules\mysql\lib\protocol\sequences\Sequence.js:52:14)
    at Query.ErrorPacket (D:\workspace\koa\koa-backend\node_modules\mysql\lib\protocol\sequences\Query.js:77:18)
    at Protocol._parsePacket (D:\workspace\koa\koa-backend\node_modules\mysql\lib\protocol\Protocol.js:279:23)
    at Parser.write (D:\workspace\koa\koa-backend\node_modules\mysql\lib\protocol\Parser.js:76:12)
    at Protocol.write (D:\workspace\koa\koa-backend\node_modules\mysql\lib\protocol\Protocol.js:39:16)
    at Socket.<anonymous> (D:\workspace\koa\koa-backend\node_modules\mysql\lib\Connection.js:103:28)
    at emitOne (events.js:116:13)
    at Socket.emit (events.js:211:7)
    at addChunk (_stream_readable.js:263:12)
    at readableAddChunk (_stream_readable.js:250:11)
    at Socket.Readable.push (_stream_readable.js:208:10)
    at TCP.onread (net.js:594:20)
    --------------------
    at Protocol._enqueue (D:\workspace\koa\koa-backend\node_modules\mysql\lib\protocol\Protocol.js:145:48)
    at PoolConnection.query (D:\workspace\koa\koa-backend\node_modules\mysql\lib\Connection.js:208:25)
    at D:\workspace\koa\koa-backend\mysql-connect.js:16:24
    at Ping.onOperationComplete [as _callback] (D:\workspace\koa\koa-backend\node_modules\mysql\lib\Pool.js:110:5)
    at Ping.Sequence.end (D:\workspace\koa\koa-backend\node_modules\mysql\lib\protocol\sequences\Sequence.js:88:24)
    at Ping.Sequence.OkPacket (D:\workspace\koa\koa-backend\node_modules\mysql\lib\protocol\sequences\Sequence.js:97:8)
    at Protocol._parsePacket (D:\workspace\koa\koa-backend\node_modules\mysql\lib\protocol\Protocol.js:279:23)
    at Parser.write (D:\workspace\koa\koa-backend\node_modules\mysql\lib\protocol\Parser.js:76:12)
    at Protocol.write (D:\workspace\koa\koa-backend\node_modules\mysql\lib\protocol\Protocol.js:39:16)
    at Socket.<anonymous> (D:\workspace\koa\koa-backend\node_modules\mysql\lib\Connection.js:103:28)
    at emitOne (events.js:116:13)
    at Socket.emit (events.js:211:7)
    at addChunk (_stream_readable.js:263:12)
    at readableAddChunk (_stream_readable.js:250:11)
    at Socket.Readable.push (_stream_readable.js:208:10)
    at TCP.onread (net.js:594:20)
  code: 'ER_PARSE_ERROR',
  errno: 1064,
  sqlMessage: 'You have an error in your SQL syntax; check the manual that corresponds to your MySQL server version for the right syntax to use near \'\' at line 1',
  sqlState: '42000',
  index: 0,
  sql: 'select s_name from classroom where s_id = ' }
