[2022-07-04T22:00:05.238] [ERROR] errorLogger - 
*************** error log start ***************
request method: POST
request originalUrl:  /api/v1.0/upload
request client ip:  ::1
request body: 
{}
response time: 29
err name: TypeError
err message: Cannot read properties of undefined (reading 'method')
err stack: TypeError: Cannot read properties of undefined (reading 'method')
    at formatReqLog (/Users/jinjf/learning-space/koa-backend/utils/logUtil.js:76:20)
    at formatRes (/Users/jinjf/learning-space/koa-backend/utils/logUtil.js:35:14)
    at Object.logUtil.logResponse (/Users/jinjf/learning-space/koa-backend/utils/logUtil.js:23:20)
    at /Users/jinjf/learning-space/koa-backend/routes/index.js:45:11
    at dispatch (/Users/jinjf/learning-space/koa-backend/node_modules/.pnpm/koa-compose@4.1.0/node_modules/koa-compose/index.js:42:32)
    at /Users/jinjf/learning-space/koa-backend/node_modules/.pnpm/koa-router@11.0.1/node_modules/koa-router/lib/router.js:425:16
    at dispatch (/Users/jinjf/learning-space/koa-backend/node_modules/.pnpm/koa-compose@4.1.0/node_modules/koa-compose/index.js:42:32)
    at /Users/jinjf/learning-space/koa-backend/node_modules/.pnpm/koa-compose@4.1.0/node_modules/koa-compose/index.js:34:12
    at dispatch (/Users/jinjf/learning-space/koa-backend/node_modules/.pnpm/koa-router@11.0.1/node_modules/koa-router/lib/router.js:430:31)
    at dispatch (/Users/jinjf/learning-space/koa-backend/node_modules/.pnpm/koa-compose@4.1.0/node_modules/koa-compose/index.js:42:32)
    at /Users/jinjf/learning-space/koa-backend/node_modules/.pnpm/koa-cookie@1.0.0/node_modules/koa-cookie/index.js:21:13
    at Generator.next (<anonymous>)
    at step (/Users/jinjf/learning-space/koa-backend/node_modules/.pnpm/koa-cookie@1.0.0/node_modules/koa-cookie/index.js:7:191)
    at /Users/jinjf/learning-space/koa-backend/node_modules/.pnpm/koa-cookie@1.0.0/node_modules/koa-cookie/index.js:7:451
    at new Promise (<anonymous>)
    at /Users/jinjf/learning-space/koa-backend/node_modules/.pnpm/koa-cookie@1.0.0/node_modules/koa-cookie/index.js:7:99
    at /Users/jinjf/learning-space/koa-backend/node_modules/.pnpm/koa-cookie@1.0.0/node_modules/koa-cookie/index.js:25:19
    at dispatch (/Users/jinjf/learning-space/koa-backend/node_modules/.pnpm/koa-compose@4.1.0/node_modules/koa-compose/index.js:42:32)
    at bodyParser (/Users/jinjf/learning-space/koa-backend/node_modules/.pnpm/koa-bodyparser@4.3.0/node_modules/koa-bodyparser/index.js:82:54)
    at dispatch (/Users/jinjf/learning-space/koa-backend/node_modules/.pnpm/koa-compose@4.1.0/node_modules/koa-compose/index.js:42:32)
    at /Users/jinjf/learning-space/koa-backend/node_modules/.pnpm/koa-body@5.0.0/node_modules/koa-body/index.js:148:14
    at processTicksAndRejections (node:internal/process/task_queues:96:5)
*************** error log end ***************

[2022-07-04T22:01:22.533] [ERROR] errorLogger - 
*************** error log start ***************
request method: POST
request originalUrl:  /api/v1.0/upload
request client ip:  ::1
request body: 
{}
response time: 15
err name: TypeError
err message: Cannot read properties of undefined (reading 'method')
err stack: TypeError: Cannot read properties of undefined (reading 'method')
    at formatReqLog (/Users/jinjf/learning-space/koa-backend/utils/logUtil.js:76:20)
    at formatRes (/Users/jinjf/learning-space/koa-backend/utils/logUtil.js:35:14)
    at Object.logUtil.logResponse (/Users/jinjf/learning-space/koa-backend/utils/logUtil.js:23:20)
    at /Users/jinjf/learning-space/koa-backend/routes/index.js:46:11
    at dispatch (/Users/jinjf/learning-space/koa-backend/node_modules/.pnpm/koa-compose@4.1.0/node_modules/koa-compose/index.js:42:32)
    at /Users/jinjf/learning-space/koa-backend/node_modules/.pnpm/koa-router@11.0.1/node_modules/koa-router/lib/router.js:425:16
    at dispatch (/Users/jinjf/learning-space/koa-backend/node_modules/.pnpm/koa-compose@4.1.0/node_modules/koa-compose/index.js:42:32)
    at /Users/jinjf/learning-space/koa-backend/node_modules/.pnpm/koa-compose@4.1.0/node_modules/koa-compose/index.js:34:12
    at dispatch (/Users/jinjf/learning-space/koa-backend/node_modules/.pnpm/koa-router@11.0.1/node_modules/koa-router/lib/router.js:430:31)
    at dispatch (/Users/jinjf/learning-space/koa-backend/node_modules/.pnpm/koa-compose@4.1.0/node_modules/koa-compose/index.js:42:32)
    at /Users/jinjf/learning-space/koa-backend/node_modules/.pnpm/koa-cookie@1.0.0/node_modules/koa-cookie/index.js:21:13
    at Generator.next (<anonymous>)
    at step (/Users/jinjf/learning-space/koa-backend/node_modules/.pnpm/koa-cookie@1.0.0/node_modules/koa-cookie/index.js:7:191)
    at /Users/jinjf/learning-space/koa-backend/node_modules/.pnpm/koa-cookie@1.0.0/node_modules/koa-cookie/index.js:7:451
    at new Promise (<anonymous>)
    at /Users/jinjf/learning-space/koa-backend/node_modules/.pnpm/koa-cookie@1.0.0/node_modules/koa-cookie/index.js:7:99
    at /Users/jinjf/learning-space/koa-backend/node_modules/.pnpm/koa-cookie@1.0.0/node_modules/koa-cookie/index.js:25:19
    at dispatch (/Users/jinjf/learning-space/koa-backend/node_modules/.pnpm/koa-compose@4.1.0/node_modules/koa-compose/index.js:42:32)
    at bodyParser (/Users/jinjf/learning-space/koa-backend/node_modules/.pnpm/koa-bodyparser@4.3.0/node_modules/koa-bodyparser/index.js:82:54)
    at dispatch (/Users/jinjf/learning-space/koa-backend/node_modules/.pnpm/koa-compose@4.1.0/node_modules/koa-compose/index.js:42:32)
    at /Users/jinjf/learning-space/koa-backend/node_modules/.pnpm/koa-body@5.0.0/node_modules/koa-body/index.js:148:14
    at processTicksAndRejections (node:internal/process/task_queues:96:5)
*************** error log end ***************

[2022-07-04T22:01:35.576] [ERROR] errorLogger - 
*************** error log start ***************
request method: POST
request originalUrl:  /api/v1.0/upload
request client ip:  ::1
request body: 
{}
response time: 12
err name: TypeError
err message: Cannot read properties of undefined (reading 'method')
err stack: TypeError: Cannot read properties of undefined (reading 'method')
    at formatReqLog (/Users/jinjf/learning-space/koa-backend/utils/logUtil.js:76:20)
    at formatRes (/Users/jinjf/learning-space/koa-backend/utils/logUtil.js:35:14)
    at Object.logUtil.logResponse (/Users/jinjf/learning-space/koa-backend/utils/logUtil.js:23:20)
    at /Users/jinjf/learning-space/koa-backend/routes/index.js:45:11
    at dispatch (/Users/jinjf/learning-space/koa-backend/node_modules/.pnpm/koa-compose@4.1.0/node_modules/koa-compose/index.js:42:32)
    at /Users/jinjf/learning-space/koa-backend/node_modules/.pnpm/koa-router@11.0.1/node_modules/koa-router/lib/router.js:425:16
    at dispatch (/Users/jinjf/learning-space/koa-backend/node_modules/.pnpm/koa-compose@4.1.0/node_modules/koa-compose/index.js:42:32)
    at /Users/jinjf/learning-space/koa-backend/node_modules/.pnpm/koa-compose@4.1.0/node_modules/koa-compose/index.js:34:12
    at dispatch (/Users/jinjf/learning-space/koa-backend/node_modules/.pnpm/koa-router@11.0.1/node_modules/koa-router/lib/router.js:430:31)
    at dispatch (/Users/jinjf/learning-space/koa-backend/node_modules/.pnpm/koa-compose@4.1.0/node_modules/koa-compose/index.js:42:32)
    at /Users/jinjf/learning-space/koa-backend/node_modules/.pnpm/koa-cookie@1.0.0/node_modules/koa-cookie/index.js:21:13
    at Generator.next (<anonymous>)
    at step (/Users/jinjf/learning-space/koa-backend/node_modules/.pnpm/koa-cookie@1.0.0/node_modules/koa-cookie/index.js:7:191)
    at /Users/jinjf/learning-space/koa-backend/node_modules/.pnpm/koa-cookie@1.0.0/node_modules/koa-cookie/index.js:7:451
    at new Promise (<anonymous>)
    at /Users/jinjf/learning-space/koa-backend/node_modules/.pnpm/koa-cookie@1.0.0/node_modules/koa-cookie/index.js:7:99
    at /Users/jinjf/learning-space/koa-backend/node_modules/.pnpm/koa-cookie@1.0.0/node_modules/koa-cookie/index.js:25:19
    at dispatch (/Users/jinjf/learning-space/koa-backend/node_modules/.pnpm/koa-compose@4.1.0/node_modules/koa-compose/index.js:42:32)
    at bodyParser (/Users/jinjf/learning-space/koa-backend/node_modules/.pnpm/koa-bodyparser@4.3.0/node_modules/koa-bodyparser/index.js:82:54)
    at dispatch (/Users/jinjf/learning-space/koa-backend/node_modules/.pnpm/koa-compose@4.1.0/node_modules/koa-compose/index.js:42:32)
    at /Users/jinjf/learning-space/koa-backend/node_modules/.pnpm/koa-body@5.0.0/node_modules/koa-body/index.js:148:14
    at processTicksAndRejections (node:internal/process/task_queues:96:5)
*************** error log end ***************

[2022-07-04T22:02:05.600] [ERROR] errorLogger - 
*************** error log start ***************
request method: POST
request originalUrl:  /api/v1.0/upload
request client ip:  ::1
request body: 
{}
response time: 14
err name: TypeError
err message: Cannot read properties of undefined (reading 'method')
err stack: TypeError: Cannot read properties of undefined (reading 'method')
    at formatReqLog (/Users/jinjf/learning-space/koa-backend/utils/logUtil.js:76:20)
    at formatRes (/Users/jinjf/learning-space/koa-backend/utils/logUtil.js:35:14)
    at Object.logUtil.logResponse (/Users/jinjf/learning-space/koa-backend/utils/logUtil.js:23:20)
    at /Users/jinjf/learning-space/koa-backend/routes/index.js:46:11
    at dispatch (/Users/jinjf/learning-space/koa-backend/node_modules/.pnpm/koa-compose@4.1.0/node_modules/koa-compose/index.js:42:32)
    at /Users/jinjf/learning-space/koa-backend/node_modules/.pnpm/koa-router@11.0.1/node_modules/koa-router/lib/router.js:425:16
    at dispatch (/Users/jinjf/learning-space/koa-backend/node_modules/.pnpm/koa-compose@4.1.0/node_modules/koa-compose/index.js:42:32)
    at /Users/jinjf/learning-space/koa-backend/node_modules/.pnpm/koa-compose@4.1.0/node_modules/koa-compose/index.js:34:12
    at dispatch (/Users/jinjf/learning-space/koa-backend/node_modules/.pnpm/koa-router@11.0.1/node_modules/koa-router/lib/router.js:430:31)
    at dispatch (/Users/jinjf/learning-space/koa-backend/node_modules/.pnpm/koa-compose@4.1.0/node_modules/koa-compose/index.js:42:32)
    at /Users/jinjf/learning-space/koa-backend/node_modules/.pnpm/koa-cookie@1.0.0/node_modules/koa-cookie/index.js:21:13
    at Generator.next (<anonymous>)
    at step (/Users/jinjf/learning-space/koa-backend/node_modules/.pnpm/koa-cookie@1.0.0/node_modules/koa-cookie/index.js:7:191)
    at /Users/jinjf/learning-space/koa-backend/node_modules/.pnpm/koa-cookie@1.0.0/node_modules/koa-cookie/index.js:7:451
    at new Promise (<anonymous>)
    at /Users/jinjf/learning-space/koa-backend/node_modules/.pnpm/koa-cookie@1.0.0/node_modules/koa-cookie/index.js:7:99
    at /Users/jinjf/learning-space/koa-backend/node_modules/.pnpm/koa-cookie@1.0.0/node_modules/koa-cookie/index.js:25:19
    at dispatch (/Users/jinjf/learning-space/koa-backend/node_modules/.pnpm/koa-compose@4.1.0/node_modules/koa-compose/index.js:42:32)
    at bodyParser (/Users/jinjf/learning-space/koa-backend/node_modules/.pnpm/koa-bodyparser@4.3.0/node_modules/koa-bodyparser/index.js:82:54)
    at dispatch (/Users/jinjf/learning-space/koa-backend/node_modules/.pnpm/koa-compose@4.1.0/node_modules/koa-compose/index.js:42:32)
    at /Users/jinjf/learning-space/koa-backend/node_modules/.pnpm/koa-body@5.0.0/node_modules/koa-body/index.js:148:14
    at processTicksAndRejections (node:internal/process/task_queues:96:5)
*************** error log end ***************

[2022-07-04T22:02:18.983] [ERROR] errorLogger - 
*************** error log start ***************
request method: POST
request originalUrl:  /api/v1.0/upload
request client ip:  ::1
request body: 
{}
response time: 14
err name: TypeError
err message: Cannot read properties of undefined (reading 'method')
err stack: TypeError: Cannot read properties of undefined (reading 'method')
    at formatReqLog (/Users/jinjf/learning-space/koa-backend/utils/logUtil.js:76:20)
    at formatRes (/Users/jinjf/learning-space/koa-backend/utils/logUtil.js:35:14)
    at Object.logUtil.logResponse (/Users/jinjf/learning-space/koa-backend/utils/logUtil.js:23:20)
    at /Users/jinjf/learning-space/koa-backend/routes/index.js:46:11
    at dispatch (/Users/jinjf/learning-space/koa-backend/node_modules/.pnpm/koa-compose@4.1.0/node_modules/koa-compose/index.js:42:32)
    at /Users/jinjf/learning-space/koa-backend/node_modules/.pnpm/koa-router@11.0.1/node_modules/koa-router/lib/router.js:425:16
    at dispatch (/Users/jinjf/learning-space/koa-backend/node_modules/.pnpm/koa-compose@4.1.0/node_modules/koa-compose/index.js:42:32)
    at /Users/jinjf/learning-space/koa-backend/node_modules/.pnpm/koa-compose@4.1.0/node_modules/koa-compose/index.js:34:12
    at dispatch (/Users/jinjf/learning-space/koa-backend/node_modules/.pnpm/koa-router@11.0.1/node_modules/koa-router/lib/router.js:430:31)
    at dispatch (/Users/jinjf/learning-space/koa-backend/node_modules/.pnpm/koa-compose@4.1.0/node_modules/koa-compose/index.js:42:32)
    at /Users/jinjf/learning-space/koa-backend/node_modules/.pnpm/koa-cookie@1.0.0/node_modules/koa-cookie/index.js:21:13
    at Generator.next (<anonymous>)
    at step (/Users/jinjf/learning-space/koa-backend/node_modules/.pnpm/koa-cookie@1.0.0/node_modules/koa-cookie/index.js:7:191)
    at /Users/jinjf/learning-space/koa-backend/node_modules/.pnpm/koa-cookie@1.0.0/node_modules/koa-cookie/index.js:7:451
    at new Promise (<anonymous>)
    at /Users/jinjf/learning-space/koa-backend/node_modules/.pnpm/koa-cookie@1.0.0/node_modules/koa-cookie/index.js:7:99
    at /Users/jinjf/learning-space/koa-backend/node_modules/.pnpm/koa-cookie@1.0.0/node_modules/koa-cookie/index.js:25:19
    at dispatch (/Users/jinjf/learning-space/koa-backend/node_modules/.pnpm/koa-compose@4.1.0/node_modules/koa-compose/index.js:42:32)
    at bodyParser (/Users/jinjf/learning-space/koa-backend/node_modules/.pnpm/koa-bodyparser@4.3.0/node_modules/koa-bodyparser/index.js:82:54)
    at dispatch (/Users/jinjf/learning-space/koa-backend/node_modules/.pnpm/koa-compose@4.1.0/node_modules/koa-compose/index.js:42:32)
    at /Users/jinjf/learning-space/koa-backend/node_modules/.pnpm/koa-body@5.0.0/node_modules/koa-body/index.js:148:14
    at processTicksAndRejections (node:internal/process/task_queues:96:5)
*************** error log end ***************

[2022-07-04T22:04:07.576] [ERROR] errorLogger - 
*************** error log start ***************
request method: POST
request originalUrl:  /api/v1.0/upload
request client ip:  ::1
request body: 
{}
response time: 15
err name: TypeError
err message: Cannot read properties of undefined (reading 'method')
err stack: TypeError: Cannot read properties of undefined (reading 'method')
    at formatReqLog (/Users/jinjf/learning-space/koa-backend/utils/logUtil.js:75:19)
    at formatRes (/Users/jinjf/learning-space/koa-backend/utils/logUtil.js:35:14)
    at Object.logUtil.logResponse (/Users/jinjf/learning-space/koa-backend/utils/logUtil.js:23:20)
    at /Users/jinjf/learning-space/koa-backend/routes/index.js:45:11
    at dispatch (/Users/jinjf/learning-space/koa-backend/node_modules/.pnpm/koa-compose@4.1.0/node_modules/koa-compose/index.js:42:32)
    at /Users/jinjf/learning-space/koa-backend/node_modules/.pnpm/koa-router@11.0.1/node_modules/koa-router/lib/router.js:425:16
    at dispatch (/Users/jinjf/learning-space/koa-backend/node_modules/.pnpm/koa-compose@4.1.0/node_modules/koa-compose/index.js:42:32)
    at /Users/jinjf/learning-space/koa-backend/node_modules/.pnpm/koa-compose@4.1.0/node_modules/koa-compose/index.js:34:12
    at dispatch (/Users/jinjf/learning-space/koa-backend/node_modules/.pnpm/koa-router@11.0.1/node_modules/koa-router/lib/router.js:430:31)
    at dispatch (/Users/jinjf/learning-space/koa-backend/node_modules/.pnpm/koa-compose@4.1.0/node_modules/koa-compose/index.js:42:32)
    at /Users/jinjf/learning-space/koa-backend/node_modules/.pnpm/koa-cookie@1.0.0/node_modules/koa-cookie/index.js:21:13
    at Generator.next (<anonymous>)
    at step (/Users/jinjf/learning-space/koa-backend/node_modules/.pnpm/koa-cookie@1.0.0/node_modules/koa-cookie/index.js:7:191)
    at /Users/jinjf/learning-space/koa-backend/node_modules/.pnpm/koa-cookie@1.0.0/node_modules/koa-cookie/index.js:7:451
    at new Promise (<anonymous>)
    at /Users/jinjf/learning-space/koa-backend/node_modules/.pnpm/koa-cookie@1.0.0/node_modules/koa-cookie/index.js:7:99
    at /Users/jinjf/learning-space/koa-backend/node_modules/.pnpm/koa-cookie@1.0.0/node_modules/koa-cookie/index.js:25:19
    at dispatch (/Users/jinjf/learning-space/koa-backend/node_modules/.pnpm/koa-compose@4.1.0/node_modules/koa-compose/index.js:42:32)
    at bodyParser (/Users/jinjf/learning-space/koa-backend/node_modules/.pnpm/koa-bodyparser@4.3.0/node_modules/koa-bodyparser/index.js:82:54)
    at dispatch (/Users/jinjf/learning-space/koa-backend/node_modules/.pnpm/koa-compose@4.1.0/node_modules/koa-compose/index.js:42:32)
    at /Users/jinjf/learning-space/koa-backend/node_modules/.pnpm/koa-body@5.0.0/node_modules/koa-body/index.js:148:14
    at processTicksAndRejections (node:internal/process/task_queues:96:5)
*************** error log end ***************

